{
  "RSpec": {
    "coverage": {
      "/home/amkimberly/loca-training/promotion-system/app/models/user.rb": {
        "lines": [
          1,
          null,
          null,
          1,
          null,
          null,
          1,
          null,
          null,
          1,
          null,
          1,
          42,
          null,
          4,
          null,
          null
        ]
      },
      "/home/amkimberly/loca-training/promotion-system/app/models/application_record.rb": {
        "lines": [
          1,
          1,
          null
        ]
      },
      "/home/amkimberly/loca-training/promotion-system/app/helpers/application_helper.rb": {
        "lines": [
          1,
          null
        ]
      },
      "/home/amkimberly/loca-training/promotion-system/app/models/coupon.rb": {
        "lines": [
          1,
          1,
          null,
          1,
          1,
          null,
          1,
          12,
          null,
          null,
          1,
          1,
          null,
          null,
          null,
          1,
          1,
          1,
          1,
          null,
          null,
          1,
          0,
          null,
          null,
          null,
          1,
          null,
          1,
          1,
          null,
          null,
          1,
          1,
          null,
          null
        ]
      },
      "/home/amkimberly/loca-training/promotion-system/app/models/product_category.rb": {
        "lines": [
          1,
          1,
          1,
          null
        ]
      },
      "/home/amkimberly/loca-training/promotion-system/app/models/promotion.rb": {
        "lines": [
          1,
          1,
          1,
          1,
          null,
          1,
          null,
          null,
          1,
          1,
          null,
          null,
          null,
          1,
          4,
          null,
          null,
          3,
          15,
          null,
          3,
          null,
          null,
          null,
          null
        ]
      },
      "/home/amkimberly/loca-training/promotion-system/app/controllers/product_categories_controller.rb": {
        "lines": [
          1,
          1,
          1,
          null,
          1,
          11,
          null,
          null,
          1,
          null,
          1,
          2,
          null,
          null,
          1,
          2,
          2,
          0,
          0,
          null,
          2,
          null,
          null,
          null,
          1,
          2,
          null,
          null,
          1,
          1,
          1,
          1,
          null,
          0,
          null,
          null,
          null,
          1,
          1,
          1,
          1,
          null,
          null,
          1,
          null,
          1,
          3,
          null,
          null,
          null,
          null,
          1,
          11,
          null,
          null
        ]
      },
      "/home/amkimberly/loca-training/promotion-system/app/controllers/application_controller.rb": {
        "lines": [
          1,
          1,
          null
        ]
      },
      "/home/amkimberly/loca-training/promotion-system/app/models/product_category_promotion.rb": {
        "lines": [
          1,
          1,
          1,
          null
        ]
      },
      "/home/amkimberly/loca-training/promotion-system/app/controllers/promotions_controller.rb": {
        "lines": [
          1,
          1,
          null,
          1,
          19,
          null,
          null,
          1,
          3,
          null,
          null,
          1,
          4,
          4,
          4,
          null,
          null,
          1,
          3,
          3,
          1,
          1,
          null,
          2,
          null,
          null,
          null,
          1,
          1,
          1,
          1,
          null,
          null,
          1,
          null,
          1,
          2,
          null,
          null,
          1,
          1,
          1,
          1,
          null,
          0,
          null,
          null,
          null,
          1,
          1,
          1,
          1,
          null,
          null,
          1,
          null,
          1,
          4,
          null,
          null,
          null,
          null,
          null,
          null,
          1,
          19,
          null,
          null
        ]
      },
      "/home/amkimberly/loca-training/promotion-system/app/controllers/coupons_controller.rb": {
        "lines": [
          1,
          1,
          null,
          1,
          1,
          1,
          1,
          null,
          null,
          1,
          null,
          1,
          1,
          null,
          null
        ]
      },
      "/home/amkimberly/loca-training/promotion-system/app/controllers/home_controller.rb": {
        "lines": [
          1,
          1,
          null
        ]
      },
      "/home/amkimberly/loca-training/promotion-system/app/controllers/users/registrations_controller.rb": {
        "lines": [
          null,
          1,
          1,
          null,
          null,
          null,
          null,
          null,
          null,
          null,
          null,
          null,
          1,
          3,
          3,
          null,
          1,
          null,
          null,
          null,
          null,
          null,
          null,
          null,
          null,
          null,
          null,
          null,
          null,
          null,
          null,
          null,
          null,
          null,
          null,
          null,
          null,
          null,
          null,
          null,
          null,
          null,
          null,
          null,
          null,
          null,
          null,
          null,
          null,
          null,
          null,
          null,
          null,
          null,
          null,
          null,
          null,
          null,
          null,
          null,
          null,
          null,
          null,
          null,
          null,
          null
        ]
      },
      "/home/amkimberly/loca-training/promotion-system/app/controllers/api/v1/coupons_controller.rb": {
        "lines": [
          null,
          null,
          null,
          1,
          1,
          1,
          1,
          1,
          2,
          1,
          null,
          1,
          null,
          null,
          1,
          1,
          1,
          1,
          null,
          0,
          null,
          null,
          1,
          null,
          1,
          2,
          null,
          1,
          null,
          null,
          null,
          null
        ]
      },
      "/home/amkimberly/loca-training/promotion-system/app/controllers/api/v1/api_controller.rb": {
        "lines": [
          1,
          1,
          1,
          null,
          null,
          null
        ]
      },
      "/home/amkimberly/loca-training/promotion-system/app/channels/application_cable/channel.rb": {
        "lines": [
          0,
          0,
          0,
          0
        ],
        "branches": {
        }
      },
      "/home/amkimberly/loca-training/promotion-system/app/channels/application_cable/connection.rb": {
        "lines": [
          0,
          0,
          0,
          0
        ],
        "branches": {
        }
      }
    },
    "timestamp": 1613256486
  }
}
